  main.cpp
c:\users\zachary\desktop\cerulean - widgetapp\cerulean - widgetapp\widget\button.h(12): error C3646: 'onClick': unknown override specifier
c:\users\zachary\desktop\cerulean - widgetapp\cerulean - widgetapp\widget\button.h(12): error C4430: missing type specifier - int assumed. Note: C++ does not support default-int
c:\users\zachary\desktop\cerulean - widgetapp\cerulean - widgetapp\widget\button.h(25): error C2065: 'defaultFunc': undeclared identifier
c:\users\zachary\desktop\cerulean - widgetapp\cerulean - widgetapp\widget\button.h(25): error C2614: 'Button': illegal member initialization: 'onClick' is not a base or member
c:\users\zachary\desktop\cerulean - widgetapp\cerulean - widgetapp\widget\button.h(41): warning C4244: 'argument': conversion from 'const int' to 'float', possible loss of data
c:\users\zachary\desktop\cerulean - widgetapp\cerulean - widgetapp\widget\button.h(43): error C3861: 'onClick': identifier not found
c:\users\zachary\desktop\cerulean - widgetapp\cerulean - widgetapp\widget\button.h(57): warning C4244: 'argument': conversion from 'const int' to 'float', possible loss of data
c:\users\zachary\desktop\cerulean - widgetapp\cerulean - widgetapp\widget\button.h(60): error C2146: syntax error: missing ')' before identifier 'and'
c:\users\zachary\desktop\cerulean - widgetapp\cerulean - widgetapp\widget\button.h(60): error C2065: 'and': undeclared identifier
c:\users\zachary\desktop\cerulean - widgetapp\cerulean - widgetapp\widget\button.h(60): error C2146: syntax error: missing ';' before identifier 'not'
c:\users\zachary\desktop\cerulean - widgetapp\cerulean - widgetapp\widget\button.h(60): error C3861: 'not': identifier not found
c:\users\zachary\desktop\cerulean - widgetapp\cerulean - widgetapp\widget\button.h(61): error C2059: syntax error: ')'
c:\users\zachary\desktop\cerulean - widgetapp\cerulean - widgetapp\widget\button.h(62): error C2146: syntax error: missing ';' before identifier 'onMouseLeft'
c:\users\zachary\desktop\cerulean - widgetapp\cerulean - widgetapp\widget\button.h(63): error C2181: illegal else without matching if
c:\users\zachary\desktop\cerulean - widgetapp\cerulean - widgetapp\widget\button.h(63): error C3861: 'not': identifier not found
c:\users\zachary\desktop\cerulean - widgetapp\cerulean - widgetapp\widget\button.h(63): error C2146: syntax error: missing ')' before identifier 'and'
c:\users\zachary\desktop\cerulean - widgetapp\cerulean - widgetapp\widget\button.h(63): error C3861: 'and': identifier not found
c:\users\zachary\desktop\cerulean - widgetapp\cerulean - widgetapp\widget\button.h(64): error C2059: syntax error: ')'
c:\users\zachary\desktop\cerulean - widgetapp\cerulean - widgetapp\widget\button.h(65): error C2146: syntax error: missing ';' before identifier 'onMouseEntered'
c:\users\zachary\desktop\cerulean - widgetapp\cerulean - widgetapp\widget\container.h(12): error C2061: syntax error: identifier 'Layout'
c:\users\zachary\desktop\cerulean - widgetapp\cerulean - widgetapp\widget\container.h(13): error C2143: syntax error: missing ';' before '*'
c:\users\zachary\desktop\cerulean - widgetapp\cerulean - widgetapp\widget\container.h(13): error C4430: missing type specifier - int assumed. Note: C++ does not support default-int
c:\users\zachary\desktop\cerulean - widgetapp\cerulean - widgetapp\widget\container.h(13): error C2238: unexpected token(s) preceding ';'
c:\users\zachary\desktop\cerulean - widgetapp\cerulean - widgetapp\widget\container.h(23): error C2143: syntax error: missing ';' before '*'
c:\users\zachary\desktop\cerulean - widgetapp\cerulean - widgetapp\widget\container.h(23): error C4430: missing type specifier - int assumed. Note: C++ does not support default-int
c:\users\zachary\desktop\cerulean - widgetapp\cerulean - widgetapp\widget\container.h(23): error C2238: unexpected token(s) preceding ';'
c:\users\zachary\desktop\cerulean - widgetapp\cerulean - widgetapp\widget\container.h(27): error C2614: 'Container': illegal member initialization: '_layout' is not a base or member
c:\users\zachary\desktop\cerulean - widgetapp\cerulean - widgetapp\widget\container.h(30): error C2065: '_layout': undeclared identifier
c:\users\zachary\desktop\cerulean - widgetapp\cerulean - widgetapp\widget\container.h(30): error C2146: syntax error: missing ')' before identifier 'and'
c:\users\zachary\desktop\cerulean - widgetapp\cerulean - widgetapp\widget\container.h(30): error C2065: 'and': undeclared identifier
c:\users\zachary\desktop\cerulean - widgetapp\cerulean - widgetapp\widget\container.h(30): error C2146: syntax error: missing ';' before identifier '_layout'
c:\users\zachary\desktop\cerulean - widgetapp\cerulean - widgetapp\widget\container.h(30): error C2227: left of '->_parent' must point to class/struct/union/generic type
  c:\users\zachary\desktop\cerulean - widgetapp\cerulean - widgetapp\widget\container.h(30): note: type is 'unknown-type'
c:\users\zachary\desktop\cerulean - widgetapp\cerulean - widgetapp\widget\container.h(30): error C2059: syntax error: ')'
c:\users\zachary\desktop\cerulean - widgetapp\cerulean - widgetapp\widget\container.h(31): error C2065: '_layout': undeclared identifier
c:\users\zachary\desktop\cerulean - widgetapp\cerulean - widgetapp\widget\container.h(31): error C2227: left of '->_parent' must point to class/struct/union/generic type
  c:\users\zachary\desktop\cerulean - widgetapp\cerulean - widgetapp\widget\container.h(31): note: type is 'unknown-type'
c:\users\zachary\desktop\cerulean - widgetapp\cerulean - widgetapp\widget\container.h(31): error C2059: syntax error: ';'
c:\users\zachary\desktop\cerulean - widgetapp\cerulean - widgetapp\widget\container.h(32): error C2065: '_layout': undeclared identifier
c:\users\zachary\desktop\cerulean - widgetapp\cerulean - widgetapp\widget\container.h(32): error C2541: 'delete': cannot delete objects that are not pointers
c:\users\zachary\desktop\cerulean - widgetapp\cerulean - widgetapp\widget\container.h(34): error C2059: syntax error: '}'
c:\users\zachary\desktop\cerulean - widgetapp\cerulean - widgetapp\widget\container.h(34): error C2143: syntax error: missing ';' before '}'
c:\users\zachary\desktop\cerulean - widgetapp\cerulean - widgetapp\widget\container.h(38): error C2143: syntax error: missing ';' before '{'
c:\users\zachary\desktop\cerulean - widgetapp\cerulean - widgetapp\widget\container.h(38): error C2447: '{': missing function header (old-style formal list?)
c:\users\zachary\desktop\cerulean - widgetapp\cerulean - widgetapp\widget\container.h(49): error C2143: syntax error: missing ';' before '*'
c:\users\zachary\desktop\cerulean - widgetapp\cerulean - widgetapp\widget\container.h(49): error C4430: missing type specifier - int assumed. Note: C++ does not support default-int
c:\users\zachary\desktop\cerulean - widgetapp\cerulean - widgetapp\widget\container.h(49): error C2039: 'getLayout': is not a member of 'Container'
  c:\users\zachary\desktop\cerulean - widgetapp\cerulean - widgetapp\widget\container.h(6): note: see declaration of 'Container'
c:\users\zachary\desktop\cerulean - widgetapp\cerulean - widgetapp\widget\container.h(49): error C2270: 'getLayout': modifiers not allowed on nonmember functions
c:\users\zachary\desktop\cerulean - widgetapp\cerulean - widgetapp\widget\container.h(49): error C2059: syntax error: '{'
c:\users\zachary\desktop\cerulean - widgetapp\cerulean - widgetapp\widget\container.h(49): error C2143: syntax error: missing ';' before '{'
c:\users\zachary\desktop\cerulean - widgetapp\cerulean - widgetapp\widget\container.h(49): error C2447: '{': missing function header (old-style formal list?)
c:\users\zachary\desktop\cerulean - widgetapp\cerulean - widgetapp\widget\container.h(53): error C2065: '_layout': undeclared identifier
c:\users\zachary\desktop\cerulean - widgetapp\cerulean - widgetapp\widget\container.h(54): error C2065: '_layout': undeclared identifier
c:\users\zachary\desktop\cerulean - widgetapp\cerulean - widgetapp\widget\container.h(54): error C2227: left of '->getSize' must point to class/struct/union/generic type
  c:\users\zachary\desktop\cerulean - widgetapp\cerulean - widgetapp\widget\container.h(54): note: type is 'unknown-type'
c:\users\zachary\desktop\cerulean - widgetapp\cerulean - widgetapp\widget\container.h(59): error C2065: '_layout': undeclared identifier
c:\users\zachary\desktop\cerulean - widgetapp\cerulean - widgetapp\widget\container.h(60): error C2027: use of undefined type 'sf::RenderTarget'
  c:\users\zachary\desktop\cerulean - widgetapp\packages\sfml-system.2.4.0.0\build\native\include\sfml\graphics\drawable.hpp(37): note: see declaration of 'sf::RenderTarget'
c:\users\zachary\desktop\cerulean - widgetapp\cerulean - widgetapp\widget\container.h(60): error C2228: left of '.draw' must have class/struct/union
c:\users\zachary\desktop\cerulean - widgetapp\cerulean - widgetapp\widget\container.h(60): error C2065: '_layout': undeclared identifier
c:\users\zachary\desktop\cerulean - widgetapp\cerulean - widgetapp\widget\container.h(67): error C2065: 'and': undeclared identifier
c:\users\zachary\desktop\cerulean - widgetapp\cerulean - widgetapp\widget\container.h(67): error C2146: syntax error: missing ')' before identifier '_layout'
c:\users\zachary\desktop\cerulean - widgetapp\cerulean - widgetapp\widget\container.h(67): error C2059: syntax error: ')'
c:\users\zachary\desktop\cerulean - widgetapp\cerulean - widgetapp\widget\container.h(68): error C2065: '_layout': undeclared identifier
c:\users\zachary\desktop\cerulean - widgetapp\cerulean - widgetapp\widget\container.h(68): error C2146: syntax error: missing ';' before identifier 'res'
c:\users\zachary\desktop\cerulean - widgetapp\cerulean - widgetapp\widget\container.h(68): error C2227: left of '->processEvent' must point to class/struct/union/generic type
  c:\users\zachary\desktop\cerulean - widgetapp\cerulean - widgetapp\widget\container.h(68): note: type is 'unknown-type'
c:\users\zachary\desktop\cerulean - widgetapp\cerulean - widgetapp\widget\container.h(73): error C2065: '_layout': undeclared identifier
c:\users\zachary\desktop\cerulean - widgetapp\cerulean - widgetapp\widget\container.h(74): error C2065: '_layout': undeclared identifier
c:\users\zachary\desktop\cerulean - widgetapp\cerulean - widgetapp\widget\container.h(74): error C2227: left of '->processEvents' must point to class/struct/union/generic type
  c:\users\zachary\desktop\cerulean - widgetapp\cerulean - widgetapp\widget\container.h(74): note: type is 'unknown-type'
c:\users\zachary\desktop\cerulean - widgetapp\cerulean - widgetapp\widget\frame.h(6): error C2504: 'ActionTarget': base class undefined
c:\users\zachary\desktop\cerulean - widgetapp\cerulean - widgetapp\widget\frame.h(6): error C2143: syntax error: missing ',' before '<'
c:\users\zachary\desktop\cerulean - widgetapp\cerulean - widgetapp\widget\frame.h(9): error C2059: syntax error: '<'
c:\users\zachary\desktop\cerulean - widgetapp\cerulean - widgetapp\widget\frame.h(9): error C2039: 'FuncType': is not a member of '`global namespace''
c:\users\zachary\desktop\cerulean - widgetapp\cerulean - widgetapp\widget\frame.h(9): error C2238: unexpected token(s) preceding ';'
c:\users\zachary\desktop\cerulean - widgetapp\cerulean - widgetapp\widget\frame.h(10): error C2039: 'RenderWindow': is not a member of 'sf'
  c:\users\zachary\desktop\cerulean - widgetapp\packages\sfml-system.2.4.0.0\build\native\include\sfml\window\event.hpp(38): note: see declaration of 'sf'
c:\users\zachary\desktop\cerulean - widgetapp\cerulean - widgetapp\widget\frame.h(10): error C2061: syntax error: identifier 'RenderWindow'
c:\users\zachary\desktop\cerulean - widgetapp\cerulean - widgetapp\widget\frame.h(16): error C4430: missing type specifier - int assumed. Note: C++ does not support default-int
c:\users\zachary\desktop\cerulean - widgetapp\cerulean - widgetapp\widget\frame.h(16): error C2143: syntax error: missing ',' before '&'
c:\users\zachary\desktop\cerulean - widgetapp\cerulean - widgetapp\widget\frame.h(23): error C2039: 'RenderWindow': is not a member of 'sf'
  c:\users\zachary\desktop\cerulean - widgetapp\packages\sfml-system.2.4.0.0\build\native\include\sfml\window\event.hpp(38): note: see declaration of 'sf'
c:\users\zachary\desktop\cerulean - widgetapp\cerulean - widgetapp\widget\frame.h(23): error C2143: syntax error: missing ';' before '&'
c:\users\zachary\desktop\cerulean - widgetapp\cerulean - widgetapp\widget\frame.h(23): error C4430: missing type specifier - int assumed. Note: C++ does not support default-int
c:\users\zachary\desktop\cerulean - widgetapp\cerulean - widgetapp\widget\frame.h(23): error C2238: unexpected token(s) preceding ';'
c:\users\zachary\desktop\cerulean - widgetapp\cerulean - widgetapp\widget\frame.h(30): error C2039: 'RenderWindow': is not a member of 'sf'
  c:\users\zachary\desktop\cerulean - widgetapp\packages\sfml-system.2.4.0.0\build\native\include\sfml\window\event.hpp(38): note: see declaration of 'sf'
c:\users\zachary\desktop\cerulean - widgetapp\cerulean - widgetapp\widget\frame.h(30): error C2065: 'RenderWindow': undeclared identifier
c:\users\zachary\desktop\cerulean - widgetapp\cerulean - widgetapp\widget\frame.h(30): error C2065: 'window': undeclared identifier
c:\users\zachary\desktop\cerulean - widgetapp\cerulean - widgetapp\widget\frame.h(30): error C2761: '{ctor}': member function redeclaration not allowed
c:\users\zachary\desktop\cerulean - widgetapp\cerulean - widgetapp\widget\frame.h(30): error C2448: 'Frame::{ctor}': function-style initializer appears to be a function definition
c:\users\zachary\desktop\cerulean - widgetapp\cerulean - widgetapp\widget\frame.h(30): error C2059: syntax error: ':'
c:\users\zachary\desktop\cerulean - widgetapp\cerulean - widgetapp\widget\frame.h(30): error C2059: syntax error: 'nullptr'
c:\users\zachary\desktop\cerulean - widgetapp\cerulean - widgetapp\widget\frame.h(30): error C2653: 'Configuration': is not a class or namespace name
c:\users\zachary\desktop\cerulean - widgetapp\cerulean - widgetapp\widget\frame.h(30): error C2143: syntax error: missing ';' before '{'
c:\users\zachary\desktop\cerulean - widgetapp\cerulean - widgetapp\widget\frame.h(30): error C2447: '{': missing function header (old-style formal list?)
c:\users\zachary\desktop\cerulean - widgetapp\cerulean - widgetapp\widget\frame.h(33): error C2065: '_window': undeclared identifier
c:\users\zachary\desktop\cerulean - widgetapp\cerulean - widgetapp\widget\frame.h(33): error C2228: left of '.draw' must have class/struct/union
  c:\users\zachary\desktop\cerulean - widgetapp\cerulean - widgetapp\widget\frame.h(33): note: type is 'unknown-type'
c:\users\zachary\desktop\cerulean - widgetapp\cerulean - widgetapp\widget\frame.h(35): error C4430: missing type specifier - int assumed. Note: C++ does not support default-int
c:\users\zachary\desktop\cerulean - widgetapp\cerulean - widgetapp\widget\frame.h(35): error C2143: syntax error: missing ',' before '&'
c:\users\zachary\desktop\cerulean - widgetapp\cerulean - widgetapp\widget\frame.h(35): error C2653: 'ActionTarget': is not a class or namespace name
c:\users\zachary\desktop\cerulean - widgetapp\cerulean - widgetapp\widget\frame.h(35): error C2065: 'callback': undeclared identifier
c:\users\zachary\desktop\cerulean - widgetapp\cerulean - widgetapp\widget\frame.h(37): error C2653: 'ActionTarget': is not a class or namespace name
c:\users\zachary\desktop\cerulean - widgetapp\cerulean - widgetapp\widget\frame.h(41): error C2065: '_window': undeclared identifier
c:\users\zachary\desktop\cerulean - widgetapp\cerulean - widgetapp\widget\frame.h(41): error C2228: left of '.getSize' must have class/struct/union
  c:\users\zachary\desktop\cerulean - widgetapp\cerulean - widgetapp\widget\frame.h(41): note: type is 'unknown-type'
c:\users\zachary\desktop\cerulean - widgetapp\cerulean - widgetapp\widget\frame.h(42): warning C4244: 'argument': conversion from 'unsigned int' to 'float', possible loss of data
c:\users\zachary\desktop\cerulean - widgetapp\cerulean - widgetapp\widget\frame.h(58): error C2653: 'ActionTarget': is not a class or namespace name
c:\users\zachary\desktop\cerulean - widgetapp\cerulean - widgetapp\widget\frame.h(59): error C2065: 'not': undeclared identifier
c:\users\zachary\desktop\cerulean - widgetapp\cerulean - widgetapp\widget\frame.h(59): error C2146: syntax error: missing ')' before identifier 'res'
c:\users\zachary\desktop\cerulean - widgetapp\cerulean - widgetapp\widget\frame.h(59): error C2059: syntax error: ')'
c:\users\zachary\desktop\cerulean - widgetapp\cerulean - widgetapp\widget\frame.h(60): error C2146: syntax error: missing ';' before identifier 'res'
c:\users\zachary\desktop\cerulean - widgetapp\cerulean - widgetapp\widget\frame.h(66): error C2653: 'ActionTarget': is not a class or namespace name
c:\users\zachary\desktop\cerulean - widgetapp\cerulean - widgetapp\widget\frame.h(69): error C2065: '_window': undeclared identifier
c:\users\zachary\desktop\cerulean - widgetapp\cerulean - widgetapp\widget\frame.h(69): error C2228: left of '.pollEvent' must have class/struct/union
  c:\users\zachary\desktop\cerulean - widgetapp\cerulean - widgetapp\widget\frame.h(69): note: type is 'unknown-type'
c:\users\zachary\desktop\cerulean - widgetapp\cerulean - widgetapp\widget\label.h(15): error C2039: 'Color': is not a member of 'sf'
  c:\users\zachary\desktop\cerulean - widgetapp\packages\sfml-system.2.4.0.0\build\native\include\sfml\window\event.hpp(38): note: see declaration of 'sf'
c:\users\zachary\desktop\cerulean - widgetapp\cerulean - widgetapp\widget\label.h(15): error C4430: missing type specifier - int assumed. Note: C++ does not support default-int
c:\users\zachary\desktop\cerulean - widgetapp\cerulean - widgetapp\widget\label.h(15): error C2143: syntax error: missing ',' before '&'
c:\users\zachary\desktop\cerulean - widgetapp\cerulean - widgetapp\widget\label.h(19): error C2039: 'Text': is not a member of 'sf'
  c:\users\zachary\desktop\cerulean - widgetapp\packages\sfml-system.2.4.0.0\build\native\include\sfml\window\event.hpp(38): note: see declaration of 'sf'
c:\users\zachary\desktop\cerulean - widgetapp\cerulean - widgetapp\widget\label.h(19): error C3646: '_text': unknown override specifier
c:\users\zachary\desktop\cerulean - widgetapp\cerulean - widgetapp\widget\label.h(19): error C4430: missing type specifier - int assumed. Note: C++ does not support default-int
c:\users\zachary\desktop\cerulean - widgetapp\cerulean - widgetapp\widget\label.h(26): error C2065: '_text': undeclared identifier
c:\users\zachary\desktop\cerulean - widgetapp\cerulean - widgetapp\widget\label.h(26): fatal error C1003: error count exceeds 100; stopping compilation
